<?xml version="1.0" encoding="UTF-8" ?>
<testsuite tests="30" failures="0" name="agency.MissionManagerImplTest" time="4.45" errors="0" skipped="0">
  <properties>
[...]
</properties>
  <testcase classname="agency.MissionManagerImplTest" name="testFindAllMissions" time="0.106"/>
  <testcase classname="agency.MissionManagerImplTest" name="createEndBeforeBegin" time="0.094"/>
  <testcase classname="agency.MissionManagerImplTest" name="createValidParameters" time="0.115"/>
  <testcase classname="agency.MissionManagerImplTest" name="updateMaxDifficulty" time="0.115"/>
  <testcase classname="agency.MissionManagerImplTest" name="createNullMission" time="0.169"/>
  <testcase classname="agency.MissionManagerImplTest" name="createMinDifficulty" time="0.264"/>
  <testcase classname="agency.MissionManagerImplTest" name="createHighDifficulty" time="0.172"/>
  <testcase classname="agency.MissionManagerImplTest" name="createSameBeginAndEnd" time="0.238"/>
  <testcase classname="agency.MissionManagerImplTest" name="updateMissionWithNullParameter" time="0.103"/>
  <testcase classname="agency.MissionManagerImplTest" name="createMinCapacity" time="0.154"/>
  <testcase classname="agency.MissionManagerImplTest" name="updateEndBeforeBegin" time="0.144"/>
  <testcase classname="agency.MissionManagerImplTest" name="updateLowDifficulty" time="0.135"/>
  <testcase classname="agency.MissionManagerImplTest" name="updateMinCapacity" time="0.138"/>
  <testcase classname="agency.MissionManagerImplTest" name="updateSameBeginAndEnd" time="0.24"/>
  <testcase classname="agency.MissionManagerImplTest" name="updateValidParamaters" time="0.111"/>
  <testcase classname="agency.MissionManagerImplTest" name="daleteNullMission" time="0.149"/>
  <testcase classname="agency.MissionManagerImplTest" name="testFindMissionById" time="0.194"/>
  <testcase classname="agency.MissionManagerImplTest" name="createExistingMission" time="0.285"/>
  <testcase classname="agency.MissionManagerImplTest" name="createLowDifficulty" time="0.254"/>
  <testcase classname="agency.MissionManagerImplTest" name="updateNullMission" time="0.098"/>
  <testcase classname="agency.MissionManagerImplTest" name="updateHighDifficulty" time="0.105"/>
  <testcase classname="agency.MissionManagerImplTest" name="updateMinDifficulty" time="0.108"/>
  <testcase classname="agency.MissionManagerImplTest" name="createMaxDifficulty" time="0.1"/>
  <testcase classname="agency.MissionManagerImplTest" name="createMissionWithNullParameter" time="0.102"/>
  <testcase classname="agency.MissionManagerImplTest" name="findNullId" time="0.111"/>
  <testcase classname="agency.MissionManagerImplTest" name="deleteMission" time="0.174"/>
  <testcase classname="agency.MissionManagerImplTest" name="updateNullId" time="0.118"/>
  <testcase classname="agency.MissionManagerImplTest" name="deleteNullId" time="0.125"/>
  <testcase classname="agency.MissionManagerImplTest" name="updateNoCapacity" time="0.099"/>
  <testcase classname="agency.MissionManagerImplTest" name="createNoCapacity" time="0.122"/>
</testsuite>