<?xml version="1.0" encoding="UTF-8" ?>
<testsuite tests="30" failures="0" name="agency.MissionManagerImplTest" time="0.517" errors="0" skipped="0">
  <properties>
[...]
</properties>
  <testcase classname="agency.MissionManagerImplTest" name="createMinDifficulty" time="0.018"/>
  <testcase classname="agency.MissionManagerImplTest" name="createExistingMission" time="0.016"/>
  <testcase classname="agency.MissionManagerImplTest" name="createNullMission" time="0.013"/>
  <testcase classname="agency.MissionManagerImplTest" name="createMissionWithNullParameter" time="0.011"/>
  <testcase classname="agency.MissionManagerImplTest" name="createEndBeforeBegin" time="0.013"/>
  <testcase classname="agency.MissionManagerImplTest" name="createSameBeginAndEnd" time="0.016"/>
  <testcase classname="agency.MissionManagerImplTest" name="createNoCapacity" time="0.013"/>
  <testcase classname="agency.MissionManagerImplTest" name="createMinCapacity" time="0.015"/>
  <testcase classname="agency.MissionManagerImplTest" name="createLowDifficulty" time="0.012"/>
  <testcase classname="agency.MissionManagerImplTest" name="createHighDifficulty" time="0.013"/>
  <testcase classname="agency.MissionManagerImplTest" name="updateNoCapacity" time="0.015"/>
  <testcase classname="agency.MissionManagerImplTest" name="createMaxDifficulty" time="0.017"/>
  <testcase classname="agency.MissionManagerImplTest" name="createValidParameters" time="0.021"/>
  <testcase classname="agency.MissionManagerImplTest" name="updateNullMission" time="0.013"/>
  <testcase classname="agency.MissionManagerImplTest" name="updateMissionWithNullParameter" time="0.02"/>
  <testcase classname="agency.MissionManagerImplTest" name="updateEndBeforeBegin" time="0.018"/>
  <testcase classname="agency.MissionManagerImplTest" name="updateSameBeginAndEnd" time="0.025"/>
  <testcase classname="agency.MissionManagerImplTest" name="updateMinCapacity" time="0.02"/>
  <testcase classname="agency.MissionManagerImplTest" name="updateLowDifficulty" time="0.012"/>
  <testcase classname="agency.MissionManagerImplTest" name="updateMinDifficulty" time="0.016"/>
  <testcase classname="agency.MissionManagerImplTest" name="updateHighDifficulty" time="0.013"/>
  <testcase classname="agency.MissionManagerImplTest" name="updateMaxDifficulty" time="0.057"/>
  <testcase classname="agency.MissionManagerImplTest" name="updateNullId" time="0.02"/>
  <testcase classname="agency.MissionManagerImplTest" name="updateValidParamaters" time="0.025"/>
  <testcase classname="agency.MissionManagerImplTest" name="daleteNullMission" time="0.011"/>
  <testcase classname="agency.MissionManagerImplTest" name="deleteNullId" time="0.01"/>
  <testcase classname="agency.MissionManagerImplTest" name="deleteMission" time="0.022"/>
  <testcase classname="agency.MissionManagerImplTest" name="findNullId" time="0.01"/>
  <testcase classname="agency.MissionManagerImplTest" name="testFindMissionById" time="0.015"/>
  <testcase classname="agency.MissionManagerImplTest" name="testFindAllMissions" time="0.014"/>
</testsuite>